0 info it worked if it ends with ok
1 verbose cli [ 'C:\\Program Files\\nodejs\\node.exe',
1 verbose cli   'C:\\Program Files\\nodejs\\node_modules\\npm\\bin\\npm-cli.js',
1 verbose cli   'version',
1 verbose cli   'patch' ]
2 info using npm@3.9.5
3 info using node@v6.2.2
4 info git [ 'status', '--porcelain' ]
5 verbose stack Error: Git working directory not clean.
5 verbose stack M README.md
5 verbose stack D bundle.js
5 verbose stack M docs/_config.yml
5 verbose stack M docs/_includes/header.html
5 verbose stack M docs/index.md
5 verbose stack M docs/js/main.js
5 verbose stack M package.json
5 verbose stack M src/extensions/array.js
5 verbose stack M src/extensions/empty.js
5 verbose stack M src/extensions/even.js
5 verbose stack M src/extensions/exists.js
5 verbose stack M src/extensions/implements.js
5 verbose stack M src/extensions/instanceof.js
5 verbose stack M src/extensions/integer.js
5 verbose stack M src/extensions/lengthof.js
5 verbose stack M src/extensions/max.js
5 verbose stack M src/extensions/min.js
5 verbose stack M src/extensions/native.js
5 verbose stack M src/extensions/negative.js
5 verbose stack M src/extensions/object.js
5 verbose stack M src/extensions/odd.js
5 verbose stack M src/extensions/positive.js
5 verbose stack M src/extensions/range.js
5 verbose stack M src/extensions/types.js
5 verbose stack M src/index.js
5 verbose stack D src/type-checker.js
5 verbose stack M test/extensions/array.js
5 verbose stack M test/extensions/empty.js
5 verbose stack M test/extensions/even.js
5 verbose stack M test/extensions/exists.js
5 verbose stack M test/extensions/implements.js
5 verbose stack M test/extensions/instanceof.js
5 verbose stack M test/extensions/integer.js
5 verbose stack M test/extensions/lengthof.js
5 verbose stack M test/extensions/max.js
5 verbose stack M test/extensions/min.js
5 verbose stack M test/extensions/native.js
5 verbose stack M test/extensions/negative.js
5 verbose stack M test/extensions/object.js
5 verbose stack M test/extensions/odd.js
5 verbose stack M test/extensions/positive.js
5 verbose stack M test/extensions/range.js
5 verbose stack M test/extensions/types.js
5 verbose stack M test/helper.js
5 verbose stack D test/type-checker.js
5 verbose stack D type-checker.js
5 verbose stack D type-checker.min.js
5 verbose stack     at C:\Program Files\nodejs\node_modules\npm\lib\version.js:246:19
5 verbose stack     at ChildProcess.exithandler (child_process.js:198:7)
5 verbose stack     at emitTwo (events.js:106:13)
5 verbose stack     at ChildProcess.emit (events.js:191:7)
5 verbose stack     at maybeClose (internal/child_process.js:852:16)
5 verbose stack     at Socket.<anonymous> (internal/child_process.js:323:11)
5 verbose stack     at emitOne (events.js:96:13)
5 verbose stack     at Socket.emit (events.js:188:7)
5 verbose stack     at Pipe._handle.close [as _onclose] (net.js:492:12)
6 verbose cwd C:\Users\ejrbuss\Desktop\github\type-checker
7 error Windows_NT 10.0.14393
8 error argv "C:\\Program Files\\nodejs\\node.exe" "C:\\Program Files\\nodejs\\node_modules\\npm\\bin\\npm-cli.js" "version" "patch"
9 error node v6.2.2
10 error npm  v3.9.5
11 error Git working directory not clean.
11 error M README.md
11 error D bundle.js
11 error M docs/_config.yml
11 error M docs/_includes/header.html
11 error M docs/index.md
11 error M docs/js/main.js
11 error M package.json
11 error M src/extensions/array.js
11 error M src/extensions/empty.js
11 error M src/extensions/even.js
11 error M src/extensions/exists.js
11 error M src/extensions/implements.js
11 error M src/extensions/instanceof.js
11 error M src/extensions/integer.js
11 error M src/extensions/lengthof.js
11 error M src/extensions/max.js
11 error M src/extensions/min.js
11 error M src/extensions/native.js
11 error M src/extensions/negative.js
11 error M src/extensions/object.js
11 error M src/extensions/odd.js
11 error M src/extensions/positive.js
11 error M src/extensions/range.js
11 error M src/extensions/types.js
11 error M src/index.js
11 error D src/type-checker.js
11 error M test/extensions/array.js
11 error M test/extensions/empty.js
11 error M test/extensions/even.js
11 error M test/extensions/exists.js
11 error M test/extensions/implements.js
11 error M test/extensions/instanceof.js
11 error M test/extensions/integer.js
11 error M test/extensions/lengthof.js
11 error M test/extensions/max.js
11 error M test/extensions/min.js
11 error M test/extensions/native.js
11 error M test/extensions/negative.js
11 error M test/extensions/object.js
11 error M test/extensions/odd.js
11 error M test/extensions/positive.js
11 error M test/extensions/range.js
11 error M test/extensions/types.js
11 error M test/helper.js
11 error D test/type-checker.js
11 error D type-checker.js
11 error D type-checker.min.js
12 error If you need help, you may report this error at:
12 error     <https://github.com/npm/npm/issues>
13 verbose exit [ 1, true ]
